2026-01-30 12:10:59,683 ERROR Error in main loop: 500 Server Error:  for url: https://api.games.betfair.com/rest/v1/channels/dummy_channel/snapshot?selectionsType=SideBets
2026-01-30 12:11:02,734 ERROR Error in main loop: 500 Server Error:  for url: https://api.games.betfair.com/rest/v1/channels/dummy_channel/snapshot?selectionsType=SideBets
2026-01-30 12:11:05,786 ERROR Error in main loop: 500 Server Error:  for url: https://api.games.betfair.com/rest/v1/channels/dummy_channel/snapshot?selectionsType=SideBets
2026-01-30 12:11:08,836 ERROR Error in main loop: 500 Server Error:  for url: https://api.games.betfair.com/rest/v1/channels/dummy_channel/snapshot?selectionsType=SideBets
2026-01-30 12:11:11,884 ERROR Error in main loop: 500 Server Error:  for url: https://api.games.betfair.com/rest/v1/channels/dummy_channel/snapshot?selectionsType=SideBets
2026-01-30 12:11:14,935 ERROR Error in main loop: 500 Server Error:  for url: https://api.games.betfair.com/rest/v1/channels/dummy_channel/snapshot?selectionsType=SideBets
2026-01-30 12:11:17,984 ERROR Error in main loop: 500 Server Error:  for url: https://api.games.betfair.com/rest/v1/channels/dummy_channel/snapshot?selectionsType=SideBets
2026-01-30 12:11:21,032 ERROR Error in main loop: 500 Server Error:  for url: https://api.games.betfair.com/rest/v1/channels/dummy_channel/snapshot?selectionsType=SideBets
2026-01-30 12:11:24,091 ERROR Error in main loop: 500 Server Error:  for url: https://api.games.betfair.com/rest/v1/channels/dummy_channel/snapshot?selectionsType=SideBets
2026-01-30 12:11:27,140 ERROR Error in main loop: 500 Server Error:  for url: https://api.games.betfair.com/rest/v1/channels/dummy_channel/snapshot?selectionsType=SideBets
2026-01-30 12:11:30,192 ERROR Error in main loop: 500 Server Error:  for url: https://api.games.betfair.com/rest/v1/channels/dummy_channel/snapshot?selectionsType=SideBets
2026-01-30 12:11:33,242 ERROR Error in main loop: 500 Server Error:  for url: https://api.games.betfair.com/rest/v1/channels/dummy_channel/snapshot?selectionsType=SideBets
2026-01-30 12:11:36,290 ERROR Error in main loop: 500 Server Error:  for url: https://api.games.betfair.com/rest/v1/channels/dummy_channel/snapshot?selectionsType=SideBets
2026-01-30 12:11:39,344 ERROR Error in main loop: 500 Server Error:  for url: https://api.games.betfair.com/rest/v1/channels/dummy_channel/snapshot?selectionsType=SideBets
2026-01-30 12:11:42,395 ERROR Error in main loop: 500 Server Error:  for url: https://api.games.betfair.com/rest/v1/channels/dummy_channel/snapshot?selectionsType=SideBets
2026-01-30 12:11:45,445 ERROR Error in main loop: 500 Server Error:  for url: https://api.games.betfair.com/rest/v1/channels/dummy_channel/snapshot?selectionsType=SideBets
2026-01-30 12:11:48,501 ERROR Error in main loop: 500 Server Error:  for url: https://api.games.betfair.com/rest/v1/channels/dummy_channel/snapshot?selectionsType=SideBets
2026-01-30 12:11:51,557 ERROR Error in main loop: 500 Server Error:  for url: https://api.games.betfair.com/rest/v1/channels/dummy_channel/snapshot?selectionsType=SideBets
2026-01-30 12:11:54,612 ERROR Error in main loop: 500 Server Error:  for url: https://api.games.betfair.com/rest/v1/channels/dummy_channel/snapshot?selectionsType=SideBets
2026-01-30 12:11:57,660 ERROR Error in main loop: 500 Server Error:  for url: https://api.games.betfair.com/rest/v1/channels/dummy_channel/snapshot?selectionsType=SideBets
2026-01-30 12:12:00,709 ERROR Error in main loop: 500 Server Error:  for url: https://api.games.betfair.com/rest/v1/channels/dummy_channel/snapshot?selectionsType=SideBets
2026-01-30 12:12:03,758 ERROR Error in main loop: 500 Server Error:  for url: https://api.games.betfair.com/rest/v1/channels/dummy_channel/snapshot?selectionsType=SideBets
2026-01-30 12:12:06,816 ERROR Error in main loop: 500 Server Error:  for url: https://api.games.betfair.com/rest/v1/channels/dummy_channel/snapshot?selectionsType=SideBets
2026-01-30 12:12:09,866 ERROR Error in main loop: 500 Server Error:  for url: https://api.games.betfair.com/rest/v1/channels/dummy_channel/snapshot?selectionsType=SideBets
2026-01-30 12:12:12,913 ERROR Error in main loop: 500 Server Error:  for url: https://api.games.betfair.com/rest/v1/channels/dummy_channel/snapshot?selectionsType=SideBets
2026-01-30 12:12:15,963 ERROR Error in main loop: 500 Server Error:  for url: https://api.games.betfair.com/rest/v1/channels/dummy_channel/snapshot?selectionsType=SideBets
2026-01-30 12:12:19,014 ERROR Error in main loop: 500 Server Error:  for url: https://api.games.betfair.com/rest/v1/channels/dummy_channel/snapshot?selectionsType=SideBets
2026-01-30 12:12:22,061 ERROR Error in main loop: 500 Server Error:  for url: https://api.games.betfair.com/rest/v1/channels/dummy_channel/snapshot?selectionsType=SideBets
2026-01-30 12:12:25,118 ERROR Error in main loop: 500 Server Error:  for url: https://api.games.betfair.com/rest/v1/channels/dummy_channel/snapshot?selectionsType=SideBets
2026-01-30 12:12:28,168 ERROR Error in main loop: 500 Server Error:  for url: https://api.games.betfair.com/rest/v1/channels/dummy_channel/snapshot?selectionsType=SideBets
2026-01-30 12:12:31,252 ERROR Error in main loop: 500 Server Error:  for url: https://api.games.betfair.com/rest/v1/channels/dummy_channel/snapshot?selectionsType=SideBets
2026-01-30 12:12:34,302 ERROR Error in main loop: 500 Server Error:  for url: https://api.games.betfair.com/rest/v1/channels/dummy_channel/snapshot?selectionsType=SideBets
2026-01-30 12:12:37,355 ERROR Error in main loop: 500 Server Error:  for url: https://api.games.betfair.com/rest/v1/channels/dummy_channel/snapshot?selectionsType=SideBets
2026-01-30 12:12:40,404 ERROR Error in main loop: 500 Server Error:  for url: https://api.games.betfair.com/rest/v1/channels/dummy_channel/snapshot?selectionsType=SideBets
2026-01-30 12:12:43,459 ERROR Error in main loop: 500 Server Error:  for url: https://api.games.betfair.com/rest/v1/channels/dummy_channel/snapshot?selectionsType=SideBets
2026-01-30 12:12:46,508 ERROR Error in main loop: 500 Server Error:  for url: https://api.games.betfair.com/rest/v1/channels/dummy_channel/snapshot?selectionsType=SideBets
2026-01-30 12:12:49,557 ERROR Error in main loop: 500 Server Error:  for url: https://api.games.betfair.com/rest/v1/channels/dummy_channel/snapshot?selectionsType=SideBets
2026-01-30 12:12:52,608 ERROR Error in main loop: 500 Server Error:  for url: https://api.games.betfair.com/rest/v1/channels/dummy_channel/snapshot?selectionsType=SideBets
2026-01-30 12:12:55,657 ERROR Error in main loop: 500 Server Error:  for url: https://api.games.betfair.com/rest/v1/channels/dummy_channel/snapshot?selectionsType=SideBets
2026-01-30 12:12:58,708 ERROR Error in main loop: 500 Server Error:  for url: https://api.games.betfair.com/rest/v1/channels/dummy_channel/snapshot?selectionsType=SideBets
2026-01-30 12:13:01,767 ERROR Error in main loop: 500 Server Error:  for url: https://api.games.betfair.com/rest/v1/channels/dummy_channel/snapshot?selectionsType=SideBets
2026-01-30 12:13:04,813 ERROR Error in main loop: 500 Server Error:  for url: https://api.games.betfair.com/rest/v1/channels/dummy_channel/snapshot?selectionsType=SideBets
2026-01-30 12:13:07,866 ERROR Error in main loop: 500 Server Error:  for url: https://api.games.betfair.com/rest/v1/channels/dummy_channel/snapshot?selectionsType=SideBets
2026-01-30 12:13:10,914 ERROR Error in main loop: 500 Server Error:  for url: https://api.games.betfair.com/rest/v1/channels/dummy_channel/snapshot?selectionsType=SideBets
2026-01-30 12:13:13,978 ERROR Error in main loop: 500 Server Error:  for url: https://api.games.betfair.com/rest/v1/channels/dummy_channel/snapshot?selectionsType=SideBets
2026-01-30 12:13:17,026 ERROR Error in main loop: 500 Server Error:  for url: https://api.games.betfair.com/rest/v1/channels/dummy_channel/snapshot?selectionsType=SideBets
2026-01-30 12:13:20,079 ERROR Error in main loop: 500 Server Error:  for url: https://api.games.betfair.com/rest/v1/channels/dummy_channel/snapshot?selectionsType=SideBets
2026-01-30 12:13:23,142 ERROR Error in main loop: 500 Server Error:  for url: https://api.games.betfair.com/rest/v1/channels/dummy_channel/snapshot?selectionsType=SideBets
2026-01-30 12:13:26,194 ERROR Error in main loop: 500 Server Error:  for url: https://api.games.betfair.com/rest/v1/channels/dummy_channel/snapshot?selectionsType=SideBets
2026-01-30 12:13:29,251 ERROR Error in main loop: 500 Server Error:  for url: https://api.games.betfair.com/rest/v1/channels/dummy_channel/snapshot?selectionsType=SideBets
2026-01-30 12:13:32,304 ERROR Error in main loop: 500 Server Error:  for url: https://api.games.betfair.com/rest/v1/channels/dummy_channel/snapshot?selectionsType=SideBets
2026-01-30 12:13:35,353 ERROR Error in main loop: 500 Server Error:  for url: https://api.games.betfair.com/rest/v1/channels/dummy_channel/snapshot?selectionsType=SideBets
2026-01-30 12:13:38,401 ERROR Error in main loop: 500 Server Error:  for url: https://api.games.betfair.com/rest/v1/channels/dummy_channel/snapshot?selectionsType=SideBets
2026-01-30 12:13:41,450 ERROR Error in main loop: 500 Server Error:  for url: https://api.games.betfair.com/rest/v1/channels/dummy_channel/snapshot?selectionsType=SideBets
2026-01-30 12:13:44,495 ERROR Error in main loop: 500 Server Error:  for url: https://api.games.betfair.com/rest/v1/channels/dummy_channel/snapshot?selectionsType=SideBets
2026-01-30 12:13:47,548 ERROR Error in main loop: 500 Server Error:  for url: https://api.games.betfair.com/rest/v1/channels/dummy_channel/snapshot?selectionsType=SideBets
2026-01-30 12:13:50,613 ERROR Error in main loop: 500 Server Error:  for url: https://api.games.betfair.com/rest/v1/channels/dummy_channel/snapshot?selectionsType=SideBets
2026-01-30 12:13:53,669 ERROR Error in main loop: 500 Server Error:  for url: https://api.games.betfair.com/rest/v1/channels/dummy_channel/snapshot?selectionsType=SideBets
2026-01-30 12:13:56,718 ERROR Error in main loop: 500 Server Error:  for url: https://api.games.betfair.com/rest/v1/channels/dummy_channel/snapshot?selectionsType=SideBets
2026-01-30 12:13:59,769 ERROR Error in main loop: 500 Server Error:  for url: https://api.games.betfair.com/rest/v1/channels/dummy_channel/snapshot?selectionsType=SideBets
2026-01-30 12:14:02,822 ERROR Error in main loop: 500 Server Error:  for url: https://api.games.betfair.com/rest/v1/channels/dummy_channel/snapshot?selectionsType=SideBets
2026-01-30 12:14:05,868 ERROR Error in main loop: 500 Server Error:  for url: https://api.games.betfair.com/rest/v1/channels/dummy_channel/snapshot?selectionsType=SideBets
2026-01-30 12:14:08,920 ERROR Error in main loop: 500 Server Error:  for url: https://api.games.betfair.com/rest/v1/channels/dummy_channel/snapshot?selectionsType=SideBets
2026-01-30 12:14:11,966 ERROR Error in main loop: 500 Server Error:  for url: https://api.games.betfair.com/rest/v1/channels/dummy_channel/snapshot?selectionsType=SideBets
2026-01-30 12:14:15,018 ERROR Error in main loop: 500 Server Error:  for url: https://api.games.betfair.com/rest/v1/channels/dummy_channel/snapshot?selectionsType=SideBets
2026-01-30 12:14:18,069 ERROR Error in main loop: 500 Server Error:  for url: https://api.games.betfair.com/rest/v1/channels/dummy_channel/snapshot?selectionsType=SideBets
2026-01-30 12:14:21,118 ERROR Error in main loop: 500 Server Error:  for url: https://api.games.betfair.com/rest/v1/channels/dummy_channel/snapshot?selectionsType=SideBets
2026-01-30 12:14:24,168 ERROR Error in main loop: 500 Server Error:  for url: https://api.games.betfair.com/rest/v1/channels/dummy_channel/snapshot?selectionsType=SideBets
2026-01-30 12:14:27,220 ERROR Error in main loop: 500 Server Error:  for url: https://api.games.betfair.com/rest/v1/channels/dummy_channel/snapshot?selectionsType=SideBets
2026-01-30 12:14:30,271 ERROR Error in main loop: 500 Server Error:  for url: https://api.games.betfair.com/rest/v1/channels/dummy_channel/snapshot?selectionsType=SideBets
2026-01-30 12:14:33,318 ERROR Error in main loop: 500 Server Error:  for url: https://api.games.betfair.com/rest/v1/channels/dummy_channel/snapshot?selectionsType=SideBets
2026-01-30 12:14:36,369 ERROR Error in main loop: 500 Server Error:  for url: https://api.games.betfair.com/rest/v1/channels/dummy_channel/snapshot?selectionsType=SideBets
2026-01-30 12:14:39,416 ERROR Error in main loop: 500 Server Error:  for url: https://api.games.betfair.com/rest/v1/channels/dummy_channel/snapshot?selectionsType=SideBets
2026-01-30 12:14:42,478 ERROR Error in main loop: 500 Server Error:  for url: https://api.games.betfair.com/rest/v1/channels/dummy_channel/snapshot?selectionsType=SideBets
2026-01-30 12:14:45,550 ERROR Error in main loop: 500 Server Error:  for url: https://api.games.betfair.com/rest/v1/channels/dummy_channel/snapshot?selectionsType=SideBets
2026-01-30 12:14:48,614 ERROR Error in main loop: 500 Server Error:  for url: https://api.games.betfair.com/rest/v1/channels/dummy_channel/snapshot?selectionsType=SideBets
2026-01-30 12:14:51,670 ERROR Error in main loop: 500 Server Error:  for url: https://api.games.betfair.com/rest/v1/channels/dummy_channel/snapshot?selectionsType=SideBets
2026-01-30 12:14:54,721 ERROR Error in main loop: 500 Server Error:  for url: https://api.games.betfair.com/rest/v1/channels/dummy_channel/snapshot?selectionsType=SideBets
2026-01-30 12:14:57,771 ERROR Error in main loop: 500 Server Error:  for url: https://api.games.betfair.com/rest/v1/channels/dummy_channel/snapshot?selectionsType=SideBets
2026-01-30 12:15:00,816 ERROR Error in main loop: 500 Server Error:  for url: https://api.games.betfair.com/rest/v1/channels/dummy_channel/snapshot?selectionsType=SideBets
2026-01-30 12:15:03,879 ERROR Error in main loop: 500 Server Error:  for url: https://api.games.betfair.com/rest/v1/channels/dummy_channel/snapshot?selectionsType=SideBets
2026-01-30 12:15:06,927 ERROR Error in main loop: 500 Server Error:  for url: https://api.games.betfair.com/rest/v1/channels/dummy_channel/snapshot?selectionsType=SideBets
2026-01-30 12:15:09,973 ERROR Error in main loop: 500 Server Error:  for url: https://api.games.betfair.com/rest/v1/channels/dummy_channel/snapshot?selectionsType=SideBets
2026-01-30 12:15:13,022 ERROR Error in main loop: 500 Server Error:  for url: https://api.games.betfair.com/rest/v1/channels/dummy_channel/snapshot?selectionsType=SideBets
2026-01-30 12:15:16,069 ERROR Error in main loop: 500 Server Error:  for url: https://api.games.betfair.com/rest/v1/channels/dummy_channel/snapshot?selectionsType=SideBets
2026-01-30 12:15:19,121 ERROR Error in main loop: 500 Server Error:  for url: https://api.games.betfair.com/rest/v1/channels/dummy_channel/snapshot?selectionsType=SideBets
2026-01-30 12:15:22,172 ERROR Error in main loop: 500 Server Error:  for url: https://api.games.betfair.com/rest/v1/channels/dummy_channel/snapshot?selectionsType=SideBets
2026-01-30 12:15:25,219 ERROR Error in main loop: 500 Server Error:  for url: https://api.games.betfair.com/rest/v1/channels/dummy_channel/snapshot?selectionsType=SideBets
2026-01-30 12:15:28,272 ERROR Error in main loop: 500 Server Error:  for url: https://api.games.betfair.com/rest/v1/channels/dummy_channel/snapshot?selectionsType=SideBets
2026-01-30 12:15:31,319 ERROR Error in main loop: 500 Server Error:  for url: https://api.games.betfair.com/rest/v1/channels/dummy_channel/snapshot?selectionsType=SideBets
2026-01-30 12:15:34,367 ERROR Error in main loop: 500 Server Error:  for url: https://api.games.betfair.com/rest/v1/channels/dummy_channel/snapshot?selectionsType=SideBets
2026-01-30 12:15:37,417 ERROR Error in main loop: 500 Server Error:  for url: https://api.games.betfair.com/rest/v1/channels/dummy_channel/snapshot?selectionsType=SideBets
2026-01-30 12:15:40,464 ERROR Error in main loop: 500 Server Error:  for url: https://api.games.betfair.com/rest/v1/channels/dummy_channel/snapshot?selectionsType=SideBets
2026-01-30 12:15:43,515 ERROR Error in main loop: 500 Server Error:  for url: https://api.games.betfair.com/rest/v1/channels/dummy_channel/snapshot?selectionsType=SideBets
2026-01-30 12:15:46,563 ERROR Error in main loop: 500 Server Error:  for url: https://api.games.betfair.com/rest/v1/channels/dummy_channel/snapshot?selectionsType=SideBets
2026-01-30 12:15:49,612 ERROR Error in main loop: 500 Server Error:  for url: https://api.games.betfair.com/rest/v1/channels/dummy_channel/snapshot?selectionsType=SideBets
2026-01-30 12:15:52,660 ERROR Error in main loop: 500 Server Error:  for url: https://api.games.betfair.com/rest/v1/channels/dummy_channel/snapshot?selectionsType=SideBets
2026-01-30 12:15:55,713 ERROR Error in main loop: 500 Server Error:  for url: https://api.games.betfair.com/rest/v1/channels/dummy_channel/snapshot?selectionsType=SideBets
2026-01-30 12:15:58,760 ERROR Error in main loop: 500 Server Error:  for url: https://api.games.betfair.com/rest/v1/channels/dummy_channel/snapshot?selectionsType=SideBets
2026-01-30 12:16:01,807 ERROR Error in main loop: 500 Server Error:  for url: https://api.games.betfair.com/rest/v1/channels/dummy_channel/snapshot?selectionsType=SideBets
2026-01-30 12:16:04,871 ERROR Error in main loop: 500 Server Error:  for url: https://api.games.betfair.com/rest/v1/channels/dummy_channel/snapshot?selectionsType=SideBets
2026-01-30 12:16:07,920 ERROR Error in main loop: 500 Server Error:  for url: https://api.games.betfair.com/rest/v1/channels/dummy_channel/snapshot?selectionsType=SideBets
2026-01-30 12:17:25,322 ERROR Error in main loop: 401 Client Error:  for url: https://api.games.betfair.com/rest/v1/channels/dummy_channel/snapshot?selectionsType=SideBets
2026-01-30 14:33:17,190 INFO Settlement received: betId=None selection=1 status=WON payout=10.0
2026-01-30 14:33:17,191 WARNING Settlement without betId; cannot process precisely
2026-01-30 14:42:03,037 INFO Settlement received: betId=None selection=1 status=WON payout=10.0
2026-01-30 14:42:03,037 WARNING Settlement without betId; cannot process precisely
2026-01-31 11:52:40,342 INFO Settlement received: betId=None selection=1 status=WON payout=10.0
2026-01-31 11:52:40,343 WARNING Settlement without betId; cannot process precisely
2026-01-31 12:42:53,862 INFO Settlement received: betId=None selection=1 status=WON payout=10.0
2026-01-31 12:42:53,862 WARNING Settlement without betId; cannot process precisely
2026-01-31 12:44:08,248 INFO Settlement received: betId=None selection=1 status=WON payout=10.0
2026-01-31 12:44:08,249 WARNING Settlement without betId; cannot process precisely
2026-01-31 12:54:04,345 ERROR Error reconciling cleared orders: 503 Service Unavailable
2026-01-31 12:54:04,425 INFO Settlement received: betId=None selection=1 status=WON payout=10.0
2026-01-31 12:54:04,425 WARNING Settlement without betId; cannot process precisely
2026-01-31 12:54:40,549 ERROR Error reconciling cleared orders: 503 Service Unavailable
2026-01-31 12:54:40,625 INFO Settlement received: betId=None selection=1 status=WON payout=10.0
2026-01-31 12:54:40,625 WARNING Settlement without betId; cannot process precisely
2026-01-31 12:56:16,170 ERROR Error reconciling cleared orders: 503 Service Unavailable
2026-01-31 12:56:16,249 INFO Settlement received: betId=None selection=1 status=WON payout=10.0
2026-01-31 12:56:16,249 WARNING Settlement without betId; cannot process precisely
2026-01-31 14:12:01,419 ERROR Error reconciling cleared orders: 503 Service Unavailable
2026-01-31 14:12:01,493 INFO Settlement received: betId=None selection=1 status=WON payout=10.0
2026-01-31 14:12:01,493 WARNING Settlement without betId; cannot process precisely
2026-01-31 14:12:29,339 ERROR Error reconciling cleared orders: 503 Service Unavailable
2026-01-31 14:12:29,414 INFO Settlement received: betId=None selection=1 status=WON payout=10.0
2026-01-31 14:12:29,414 WARNING Settlement without betId; cannot process precisely
2026-01-31 14:13:03,914 ERROR Error reconciling cleared orders: 503 Service Unavailable
2026-01-31 14:13:03,991 INFO Settlement received: betId=None selection=1 status=WON payout=10.0
2026-01-31 14:13:03,991 WARNING Settlement without betId; cannot process precisely
2026-01-31 14:15:56,649 ERROR Error reconciling cleared orders: 503 Service Unavailable
2026-01-31 14:15:56,727 INFO Settlement received: betId=None selection=1 status=WON payout=10.0
2026-01-31 14:15:56,727 WARNING Settlement without betId; cannot process precisely
2026-01-31 14:16:21,460 ERROR Error reconciling cleared orders: 503 Service Unavailable
2026-01-31 14:16:21,537 INFO Settlement received: betId=None selection=1 status=WON payout=10.0
2026-01-31 14:16:21,537 WARNING Settlement without betId; cannot process precisely
2026-01-31 14:26:46,140 ERROR Error reconciling cleared orders: 503 Service Unavailable
2026-01-31 14:26:46,213 INFO Settlement received: betId=None selection=1 status=WON payout=10.0
2026-01-31 14:26:46,213 WARNING Settlement without betId; cannot process precisely
